C51 COMPILER V9.59.0.0   BSP_LED                                                           11/27/2018 13:28:57 PAGE 1   


C51 COMPILER V9.59.0.0, COMPILATION OF MODULE BSP_LED
OBJECT MODULE PLACED IN .\Objects\bsp_led.obj
COMPILER INVOKED BY: E:\MDK\C51\BIN\C51.EXE ..\bsp\bsp_led.c OPTIMIZE(8,SPEED) BROWSE INCDIR(..\bsp\key;..\bsp;..\lib;..
                    -\TimeOut;..\user) DEBUG OBJECTEXTEND PRINT(.\Listings\bsp_led.lst) OBJECT(.\Objects\bsp_led.obj)

line level    source

   1          #include "bsp_led.h"
   2          
   3          
   4          LED_PARA_T Led_Para[LED_NUM];
   5          
   6          unsigned char Led_Init(unsigned char id)
   7          {
   8   1          if(id > LED_NUM)
   9   1              return LED_ERROR;
  10   1          if(id == 0)
  11   1          {
  12   2              P1CON |= 0X80;
  13   2              P1PH  &= ~0X80;
  14   2              return LED_SUCCESS;
  15   2          }
  16   1          else if(id == 1)
  17   1          {
  18   2              P1CON |= 0X01;
  19   2              P1PH  &= ~0X01;
  20   2              return LED_SUCCESS;
  21   2          }
  22   1          else if(id == 2)
  23   1          {
  24   2              P2CON |= 0X08;
  25   2              P2PH  &= ~0X08;
  26   2              return LED_SUCCESS;
  27   2          }
  28   1          return LED_ERROR;
  29   1      }
  30          
  31          unsigned char Led_App_Init(LED_PARA_T *P)
  32          {
  33   1         unsigned char Led_Init(unsigned char ID);
  34   1         return Led_Init(P->ID);    
  35   1      }
  36          
  37          unsigned char Led_App_Handle(unsigned char sum)
  38          {
  39   1          static unsigned char i;
  40   1          if(sum > LED_NUM)
  41   1          {
  42   2              return LED_ERROR;
  43   2          }
  44   1          for(i = 0 ; i < sum; i ++)
  45   1          {
  46   2              Led_Para[i].ID = i;
  47   2              Led_App_Init(&Led_Para[i]);
  48   2          }
  49   1          if(i != sum)
  50   1          {
  51   2              return LED_ERROR;
  52   2          }
  53   1          else 
  54   1          {
C51 COMPILER V9.59.0.0   BSP_LED                                                           11/27/2018 13:28:57 PAGE 2   

  55   2              return LED_SUCCESS;
  56   2          }
  57   1      }
  58          
  59          
  60          
  61          
  62          
  63          


MODULE INFORMATION:   STATIC OVERLAYABLE
   CODE SIZE        =    127    ----
   CONSTANT SIZE    =   ----    ----
   XDATA SIZE       =   ----    ----
   PDATA SIZE       =   ----    ----
   DATA SIZE        =      4       1
   IDATA SIZE       =   ----    ----
   BIT SIZE         =   ----    ----
END OF MODULE INFORMATION.


C51 COMPILATION COMPLETE.  0 WARNING(S),  0 ERROR(S)
